李毅
蒋义城
赵丽伟
韩健辉
李春光
杨珂阳
许子文
吕安邦
赵斌
马俊一
孔建
苗文兵
蒋轩海
施英博
黄柳清
周存富
秦伟
钱锋
方英杰
潘章光
孙士皓
丁可峰
徐建华
吴世安
郭旭东
李建
孙哲华
胡星河
李松岭
朱君
高天阳
郑孟雨
于天合
董才铭
冯路
庞智
兰宏理
严效磊
张庆
葛坤
林晓霖
郭丙军
马康宁
张来有
罗鹏
梁一勤
宋立昌
郑西伦
谢家铭
韩艺轩
唐豪生
冯成刚
于一希
杨立荣
肖圣非
程占国
卢伟兴
曹健
杨国胜
邓向东
许铁山
符小龙
沈明义
杨文彬
曾悦华
付磊
彭浩
尤志勇
何桦
沈志
黄勇
周鑫宇
苏春雷
卢克勤
赵博
牛朱柯
蔡家同
贾双秆
李勇
魏广文
薛光耀
胡光耀
叶常彬
阎浩然
杜国华
戴世敏
李善福
周政斌
夏俊卓
范福娃
姜松林
金昊洋
钟洪义
汪森
毛子涵
余文宏
方锁云
吴小龙
李英健
江金玉
石广
刘忠泽
陈丰
杨飞龙
郝文光
黄克礼
周运涛
孟林烨
陈春富
邱辉
段润之
姚弘达
崔海迪
徐洪
侯弘彬
汤久华
易杰
褚亚飞
廖卫东
史华中
邵双扬
孔爱华
卫超
田健哲
孟海涛
龙玉科
万幸聪
尹永
康卫国
文海东
陶一格
韦云伟
尤盛业
徐伟华
白盛强
任弘盛
毕立都
常健辉
马玉
马俊